<?xml version="1.0" encoding="UTF-8"?>
<!-- Generated by org.testng.reporters.JUnitReportReporter -->
<testsuite hostname="IB-SEZ-LAP-793" failures="0" tests="1" name="com.picture.testcases.Testlinks" time="17.879" errors="0" timestamp="2021-12-06T19:42:28 IST" skipped="0">
  <testcase classname="com.picture.testcases.Testlinks" name="testpicturelinks" time="17.879"/>
  <system-out/>
</testsuite> <!-- com.picture.testcases.Testlinks -->
